::1 - - [18/May/2023:07:20:56 +0000] "POST /api/v1/broadcast/filterBroadcastData HTTP/1.1" 404 176 "-" "PostmanRuntime/7.32.2"
::1 - - [18/May/2023:07:27:35 +0000] "POST /user/sign-in HTTP/1.1" 500 49 "-" "PostmanRuntime/7.32.2"
::1 - - [18/May/2023:07:40:12 +0000] "POST /user/sign-in HTTP/1.1" 500 49 "-" "PostmanRuntime/7.32.2"
::1 - - [18/May/2023:07:41:47 +0000] "POST /user/sign-in HTTP/1.1" 200 285 "-" "PostmanRuntime/7.32.2"
POST /user/sign-in 200 361.250 ms - 285- 45
POST /user/sign-in 200 333.236 ms - 285- - 45
POST /user/sign-in 200 664.226 ms - 285- "{\"userDetail\":{\"_id\":\"63ca20adacbcc21507b1f863\",\"name\":\"chetan\",\"contact\":8839597780,\"customerType\":\"Customer\",\"email\":\"chetan@gmail.com\",\"password\":\"$2a$10$mSD08VPan2HEbk4zTP.vv.v.YK0SjMgJJD80jTlPjCxk5Ti.nQdFK\",\"__v\":0,\"profileImage\":\"484d8c3ff3722ccff3d637b13865babf\"},\"status\":true}" 45
Thu, 18 May 2023 08:55:48 GMT POST /user/sign-in 200 382.395 ms - 285- "{\"userDetail\":{\"_id\":\"63ca20adacbcc21507b1f863\",\"name\":\"chetan\",\"contact\":8839597780,\"customerType\":\"Customer\",\"email\":\"chetan@gmail.com\",\"password\":\"$2a$10$mSD08VPan2HEbk4zTP.vv.v.YK0SjMgJJD80jTlPjCxk5Ti.nQdFK\",\"__v\":0,\"profileImage\":\"484d8c3ff3722ccff3d637b13865babf\"},\"status\":true}" 45
Thu, 18 May 2023 08:59:03 GMT POST /user/sign-in request-body= {"email":"chetan@gmail.com","password":"Chetan@23"} 200 359.069 ms - 285- response-body = "{\"userDetail\":{\"_id\":\"63ca20adacbcc21507b1f863\",\"name\":\"chetan\",\"contact\":8839597780,\"customerType\":\"Customer\",\"email\":\"chetan@gmail.com\",\"password\":\"$2a$10$mSD08VPan2HEbk4zTP.vv.v.YK0SjMgJJD80jTlPjCxk5Ti.nQdFK\",\"__v\":0,\"profileImage\":\"484d8c3ff3722ccff3d637b13865babf\"},\"status\":true}" -45
Thu, 18 May 2023 09:30:13 GMT POST /user/sign-in request-body= {"email":"chetan@gmail.com","password":"Chetan@23"} 200 639.195 ms - 285- response-body = "{\"userDetail\":{\"_id\":\"63ca20adacbcc21507b1f863\",\"name\":\"chetan\",\"contact\":8839597780,\"customerType\":\"Customer\",\"email\":\"chetan@gmail.com\",\"password\":\"$2a$10$mSD08VPan2HEbk4zTP.vv.v.YK0SjMgJJD80jTlPjCxk5Ti.nQdFK\",\"__v\":0,\"profileImage\":\"484d8c3ff3722ccff3d637b13865babf\"},\"status\":true}" -45
Thu, 18 May 2023 09:38:59 GMT POST /user/sign-in api-count - request-body= {"email":"chetan@gmail.com","password":"Chetan@23"} 200 357.274 ms - 285- response-body = "{\"userDetail\":{\"_id\":\"63ca20adacbcc21507b1f863\",\"name\":\"chetan\",\"contact\":8839597780,\"customerType\":\"Customer\",\"email\":\"chetan@gmail.com\",\"password\":\"$2a$10$mSD08VPan2HEbk4zTP.vv.v.YK0SjMgJJD80jTlPjCxk5Ti.nQdFK\",\"__v\":0,\"profileImage\":\"484d8c3ff3722ccff3d637b13865babf\"},\"status\":true}" -45
Thu, 18 May 2023 09:39:13 GMT POST /user/sign-in api-count - request-body= {"email":"chetan@gmail.com","password":"Chetan@23"} 200 278.990 ms - 285- response-body = "{\"userDetail\":{\"_id\":\"63ca20adacbcc21507b1f863\",\"name\":\"chetan\",\"contact\":8839597780,\"customerType\":\"Customer\",\"email\":\"chetan@gmail.com\",\"password\":\"$2a$10$mSD08VPan2HEbk4zTP.vv.v.YK0SjMgJJD80jTlPjCxk5Ti.nQdFK\",\"__v\":0,\"profileImage\":\"484d8c3ff3722ccff3d637b13865babf\"},\"status\":true}" -45
Thu, 18 May 2023 09:39:15 GMT POST /user/sign-in api-count - request-body= {"email":"chetan@gmail.com","password":"Chetan@23"} 200 227.200 ms - 285- response-body = "{\"userDetail\":{\"_id\":\"63ca20adacbcc21507b1f863\",\"name\":\"chetan\",\"contact\":8839597780,\"customerType\":\"Customer\",\"email\":\"chetan@gmail.com\",\"password\":\"$2a$10$mSD08VPan2HEbk4zTP.vv.v.YK0SjMgJJD80jTlPjCxk5Ti.nQdFK\",\"__v\":0,\"profileImage\":\"484d8c3ff3722ccff3d637b13865babf\"},\"status\":true}" -45
Thu, 18 May 2023 09:40:11 GMT POST /user/sign-in api-count - request-body= {"email":"chetan@gmail.com","password":"Chetan@23"} 200 374.955 ms - 285- response-body = "{\"userDetail\":{\"_id\":\"63ca20adacbcc21507b1f863\",\"name\":\"chetan\",\"contact\":8839597780,\"customerType\":\"Customer\",\"email\":\"chetan@gmail.com\",\"password\":\"$2a$10$mSD08VPan2HEbk4zTP.vv.v.YK0SjMgJJD80jTlPjCxk5Ti.nQdFK\",\"__v\":0,\"profileImage\":\"484d8c3ff3722ccff3d637b13865babf\"},\"status\":true}" -45
Thu, 18 May 2023 09:40:22 GMT POST /user/sign-in api-count - request-body= {"email":"chetan@gmail.com","password":"Chetan@23"} 200 245.161 ms - 285- response-body = "{\"userDetail\":{\"_id\":\"63ca20adacbcc21507b1f863\",\"name\":\"chetan\",\"contact\":8839597780,\"customerType\":\"Customer\",\"email\":\"chetan@gmail.com\",\"password\":\"$2a$10$mSD08VPan2HEbk4zTP.vv.v.YK0SjMgJJD80jTlPjCxk5Ti.nQdFK\",\"__v\":0,\"profileImage\":\"484d8c3ff3722ccff3d637b13865babf\"},\"status\":true}" -45
Thu, 18 May 2023 09:41:37 GMT POST /user/sign-in api-count - request-body= {"email":"chetan@gmail.com","password":"Chetan@23"} 200 326.604 ms - 285- response-body = "{\"userDetail\":{\"_id\":\"63ca20adacbcc21507b1f863\",\"name\":\"chetan\",\"contact\":8839597780,\"customerType\":\"Customer\",\"email\":\"chetan@gmail.com\",\"password\":\"$2a$10$mSD08VPan2HEbk4zTP.vv.v.YK0SjMgJJD80jTlPjCxk5Ti.nQdFK\",\"__v\":0,\"profileImage\":\"484d8c3ff3722ccff3d637b13865babf\"},\"status\":true}" -45
Thu, 18 May 2023 09:41:53 GMT POST /user/sign-in api-count - request-body= {"email":"chetan@gmail.com","password":"Chetan@23"} 200 306.281 ms - 285- response-body = "{\"userDetail\":{\"_id\":\"63ca20adacbcc21507b1f863\",\"name\":\"chetan\",\"contact\":8839597780,\"customerType\":\"Customer\",\"email\":\"chetan@gmail.com\",\"password\":\"$2a$10$mSD08VPan2HEbk4zTP.vv.v.YK0SjMgJJD80jTlPjCxk5Ti.nQdFK\",\"__v\":0,\"profileImage\":\"484d8c3ff3722ccff3d637b13865babf\"},\"status\":true}" -45
Thu, 18 May 2023 09:41:57 GMT POST /user/sign-in api-count - request-body= {"email":"chetan@gmail.com","password":"Chetan@23"} 200 170.035 ms - 285- response-body = "{\"userDetail\":{\"_id\":\"63ca20adacbcc21507b1f863\",\"name\":\"chetan\",\"contact\":8839597780,\"customerType\":\"Customer\",\"email\":\"chetan@gmail.com\",\"password\":\"$2a$10$mSD08VPan2HEbk4zTP.vv.v.YK0SjMgJJD80jTlPjCxk5Ti.nQdFK\",\"__v\":0,\"profileImage\":\"484d8c3ff3722ccff3d637b13865babf\"},\"status\":true}" -45
Thu, 18 May 2023 09:42:26 GMT POST /user/sign-in api-count - request-body= {"email":"chetan@gmail.com","password":"Chetan@23"} 200 423.184 ms - 285- response-body = "{\"userDetail\":{\"_id\":\"63ca20adacbcc21507b1f863\",\"name\":\"chetan\",\"contact\":8839597780,\"customerType\":\"Customer\",\"email\":\"chetan@gmail.com\",\"password\":\"$2a$10$mSD08VPan2HEbk4zTP.vv.v.YK0SjMgJJD80jTlPjCxk5Ti.nQdFK\",\"__v\":0,\"profileImage\":\"484d8c3ff3722ccff3d637b13865babf\"},\"status\":true}" -45
Thu, 18 May 2023 09:42:31 GMT POST /user/sign-in api-count - request-body= {"email":"chetan@gmail.com","password":"Chetan@23"} 200 226.080 ms - 285- response-body = "{\"userDetail\":{\"_id\":\"63ca20adacbcc21507b1f863\",\"name\":\"chetan\",\"contact\":8839597780,\"customerType\":\"Customer\",\"email\":\"chetan@gmail.com\",\"password\":\"$2a$10$mSD08VPan2HEbk4zTP.vv.v.YK0SjMgJJD80jTlPjCxk5Ti.nQdFK\",\"__v\":0,\"profileImage\":\"484d8c3ff3722ccff3d637b13865babf\"},\"status\":true}" -45
Thu, 18 May 2023 09:42:32 GMT POST /user/sign-in api-count - request-body= {"email":"chetan@gmail.com","password":"Chetan@23"} 200 176.820 ms - 285- response-body = "{\"userDetail\":{\"_id\":\"63ca20adacbcc21507b1f863\",\"name\":\"chetan\",\"contact\":8839597780,\"customerType\":\"Customer\",\"email\":\"chetan@gmail.com\",\"password\":\"$2a$10$mSD08VPan2HEbk4zTP.vv.v.YK0SjMgJJD80jTlPjCxk5Ti.nQdFK\",\"__v\":0,\"profileImage\":\"484d8c3ff3722ccff3d637b13865babf\"},\"status\":true}" -45
Thu, 18 May 2023 09:42:51 GMT POST /user/sign-in api-count - request-body= {"email":"chetan@gmail.com","password":"Chetan@23"} 200 180.281 ms - 285- response-body = "{\"userDetail\":{\"_id\":\"63ca20adacbcc21507b1f863\",\"name\":\"chetan\",\"contact\":8839597780,\"customerType\":\"Customer\",\"email\":\"chetan@gmail.com\",\"password\":\"$2a$10$mSD08VPan2HEbk4zTP.vv.v.YK0SjMgJJD80jTlPjCxk5Ti.nQdFK\",\"__v\":0,\"profileImage\":\"484d8c3ff3722ccff3d637b13865babf\"},\"status\":true}" -45
Thu, 18 May 2023 09:44:20 GMT POST /user/sign-in api-count - request-body= {"email":"chetan@gmail.com","password":"Chetan@23"} 200 325.614 ms - 285- response-body = "{\"userDetail\":{\"_id\":\"63ca20adacbcc21507b1f863\",\"name\":\"chetan\",\"contact\":8839597780,\"customerType\":\"Customer\",\"email\":\"chetan@gmail.com\",\"password\":\"$2a$10$mSD08VPan2HEbk4zTP.vv.v.YK0SjMgJJD80jTlPjCxk5Ti.nQdFK\",\"__v\":0,\"profileImage\":\"484d8c3ff3722ccff3d637b13865babf\"},\"status\":true}" -45
Thu, 18 May 2023 09:45:18 GMT POST /user/sign-in api-count - request-body= {"email":"chetan@gmail.com","password":"Chetan@23"} 200 382.052 ms - 285- response-body = "{\"userDetail\":{\"_id\":\"63ca20adacbcc21507b1f863\",\"name\":\"chetan\",\"contact\":8839597780,\"customerType\":\"Customer\",\"email\":\"chetan@gmail.com\",\"password\":\"$2a$10$mSD08VPan2HEbk4zTP.vv.v.YK0SjMgJJD80jTlPjCxk5Ti.nQdFK\",\"__v\":0,\"profileImage\":\"484d8c3ff3722ccff3d637b13865babf\"},\"status\":true}" -45
Thu, 18 May 2023 09:47:52 GMT POST /user/sign-in api-count - request-body= {"email":"chetan@gmail.com","password":"Chetan@23"} 200 436.233 ms - 285- response-body = "{\"userDetail\":{\"_id\":\"63ca20adacbcc21507b1f863\",\"name\":\"chetan\",\"contact\":8839597780,\"customerType\":\"Customer\",\"email\":\"chetan@gmail.com\",\"password\":\"$2a$10$mSD08VPan2HEbk4zTP.vv.v.YK0SjMgJJD80jTlPjCxk5Ti.nQdFK\",\"__v\":0,\"profileImage\":\"484d8c3ff3722ccff3d637b13865babf\"},\"status\":true}" -45
Thu, 18 May 2023 09:48:08 GMT POST /user/sign-in api-count - request-body= {"email":"chetan@gmail.com","password":"Chetan@23"} 200 444.558 ms - 285- response-body = "{\"userDetail\":{\"_id\":\"63ca20adacbcc21507b1f863\",\"name\":\"chetan\",\"contact\":8839597780,\"customerType\":\"Customer\",\"email\":\"chetan@gmail.com\",\"password\":\"$2a$10$mSD08VPan2HEbk4zTP.vv.v.YK0SjMgJJD80jTlPjCxk5Ti.nQdFK\",\"__v\":0,\"profileImage\":\"484d8c3ff3722ccff3d637b13865babf\"},\"status\":true}" -45
Thu, 18 May 2023 09:51:13 GMT POST /user/sign-in api-count - request-body= {"email":"chetan@gmail.com","password":"Chetan@23"} 200 324.675 ms - 285- response-body = "{\"userDetail\":{\"_id\":\"63ca20adacbcc21507b1f863\",\"name\":\"chetan\",\"contact\":8839597780,\"customerType\":\"Customer\",\"email\":\"chetan@gmail.com\",\"password\":\"$2a$10$mSD08VPan2HEbk4zTP.vv.v.YK0SjMgJJD80jTlPjCxk5Ti.nQdFK\",\"__v\":0,\"profileImage\":\"484d8c3ff3722ccff3d637b13865babf\"},\"status\":true}" -45
Thu, 18 May 2023 09:52:10 GMT POST /user/sign-in api-count - request-body= {"email":"chetan@gmail.com","password":"Chetan@23"} 200 247.047 ms - 285- response-body = "{\"userDetail\":{\"_id\":\"63ca20adacbcc21507b1f863\",\"name\":\"chetan\",\"contact\":8839597780,\"customerType\":\"Customer\",\"email\":\"chetan@gmail.com\",\"password\":\"$2a$10$mSD08VPan2HEbk4zTP.vv.v.YK0SjMgJJD80jTlPjCxk5Ti.nQdFK\",\"__v\":0,\"profileImage\":\"484d8c3ff3722ccff3d637b13865babf\"},\"status\":true}" -45
Thu, 18 May 2023 09:52:31 GMT POST /user/sign-in api-count - request-body= {"email":"chetan@gmail.com","password":"Chetan@23"} 200 269.488 ms - 285- response-body = "{\"userDetail\":{\"_id\":\"63ca20adacbcc21507b1f863\",\"name\":\"chetan\",\"contact\":8839597780,\"customerType\":\"Customer\",\"email\":\"chetan@gmail.com\",\"password\":\"$2a$10$mSD08VPan2HEbk4zTP.vv.v.YK0SjMgJJD80jTlPjCxk5Ti.nQdFK\",\"__v\":0,\"profileImage\":\"484d8c3ff3722ccff3d637b13865babf\"},\"status\":true}" -45
Thu, 18 May 2023 09:53:00 GMT POST /user/sign-in api-count 1 request-body= {"email":"chetan@gmail.com","password":"Chetan@23"} 200 407.453 ms - 285- response-body = "{\"userDetail\":{\"_id\":\"63ca20adacbcc21507b1f863\",\"name\":\"chetan\",\"contact\":8839597780,\"customerType\":\"Customer\",\"email\":\"chetan@gmail.com\",\"password\":\"$2a$10$mSD08VPan2HEbk4zTP.vv.v.YK0SjMgJJD80jTlPjCxk5Ti.nQdFK\",\"__v\":0,\"profileImage\":\"484d8c3ff3722ccff3d637b13865babf\"},\"status\":true}" -45
Thu, 18 May 2023 09:53:11 GMT POST /user/sign-in api-count 2 request-body= {"email":"chetan@gmail.com","password":"Chetan@23"} 200 212.100 ms - 285- response-body = "{\"userDetail\":{\"_id\":\"63ca20adacbcc21507b1f863\",\"name\":\"chetan\",\"contact\":8839597780,\"customerType\":\"Customer\",\"email\":\"chetan@gmail.com\",\"password\":\"$2a$10$mSD08VPan2HEbk4zTP.vv.v.YK0SjMgJJD80jTlPjCxk5Ti.nQdFK\",\"__v\":0,\"profileImage\":\"484d8c3ff3722ccff3d637b13865babf\"},\"status\":true}" -45
Thu, 18 May 2023 09:53:24 GMT POST /user/sign-up api-count 1 request-body= {"email":"chetan@gmail.com","password":"Chetan@23"} 500 298.604 ms - 49- response-body = "{\"message\":\"something went wrong\",\"status\":false}" -45
Thu, 18 May 2023 09:53:38 GMT POST /user/sign-in api-count 3 request-body= {"email":"chetan@gmail.com","password":"Chetan@23"} 200 228.075 ms - 285- response-body = "{\"userDetail\":{\"_id\":\"63ca20adacbcc21507b1f863\",\"name\":\"chetan\",\"contact\":8839597780,\"customerType\":\"Customer\",\"email\":\"chetan@gmail.com\",\"password\":\"$2a$10$mSD08VPan2HEbk4zTP.vv.v.YK0SjMgJJD80jTlPjCxk5Ti.nQdFK\",\"__v\":0,\"profileImage\":\"484d8c3ff3722ccff3d637b13865babf\"},\"status\":true}" -45
Mon, 10 Jun 2024 08:58:34 GMT GET /images/hero_bg_2.jpg api-count 1 request-body= {} 404 5.099 ms - 159- response-body = - --
Mon, 10 Jun 2024 08:58:34 GMT GET /images/hero_bg_4.jpg api-count 1 request-body= {} 404 1.329 ms - 159- response-body = - --
Mon, 10 Jun 2024 08:58:34 GMT GET /images/img_3.jpg api-count 1 request-body= {} 404 0.886 ms - 155- response-body = - --
Mon, 10 Jun 2024 08:58:34 GMT GET /images/person_1.jpg api-count 1 request-body= {} 404 1.065 ms - 158- response-body = - --
Mon, 10 Jun 2024 08:58:34 GMT GET /images/person_2.jpg api-count 1 request-body= {} 404 0.750 ms - 158- response-body = - --
Mon, 10 Jun 2024 08:58:34 GMT GET /images/person_4.jpg api-count 1 request-body= {} 404 0.910 ms - 158- response-body = - --
Mon, 10 Jun 2024 08:58:34 GMT GET /images/person_5.jpg api-count 1 request-body= {} 404 0.884 ms - 158- response-body = - --
Mon, 10 Jun 2024 08:58:42 GMT GET /images/hero_bg_2.jpg api-count 2 request-body= {} 404 0.715 ms - 159- response-body = - --
Mon, 10 Jun 2024 08:58:42 GMT GET /images/hero_bg_4.jpg api-count 2 request-body= {} 404 1.139 ms - 159- response-body = - --
Mon, 10 Jun 2024 08:58:42 GMT GET /images/img_3.jpg api-count 2 request-body= {} 404 1.397 ms - 155- response-body = - --
Mon, 10 Jun 2024 08:58:42 GMT GET /images/person_1.jpg api-count 2 request-body= {} 404 0.571 ms - 158- response-body = - --
Mon, 10 Jun 2024 08:58:42 GMT GET /images/person_2.jpg api-count 2 request-body= {} 404 0.653 ms - 158- response-body = - --
Mon, 10 Jun 2024 08:58:42 GMT GET /images/person_4.jpg api-count 2 request-body= {} 404 0.739 ms - 158- response-body = - --
Mon, 10 Jun 2024 08:58:42 GMT GET /images/person_5.jpg api-count 2 request-body= {} 404 0.571 ms - 158- response-body = - --
Mon, 10 Jun 2024 08:59:20 GMT GET /images/img_4.jpg api-count 1 request-body= {} 404 1.167 ms - 155- response-body = - --
Mon, 10 Jun 2024 08:59:26 GMT GET /images/hero_bg_4.jpg api-count 3 request-body= {} 404 0.749 ms - 159- response-body = - --
Mon, 10 Jun 2024 08:59:26 GMT GET /images/hero_bg_2.jpg api-count 3 request-body= {} 404 1.073 ms - 159- response-body = - --
Mon, 10 Jun 2024 08:59:26 GMT GET /images/img_3.jpg api-count 3 request-body= {} 404 1.343 ms - 155- response-body = - --
Mon, 10 Jun 2024 08:59:26 GMT GET /images/person_1.jpg api-count 3 request-body= {} 404 0.583 ms - 158- response-body = - --
Mon, 10 Jun 2024 08:59:26 GMT GET /images/person_2.jpg api-count 3 request-body= {} 404 0.680 ms - 158- response-body = - --
Mon, 10 Jun 2024 08:59:26 GMT GET /images/person_4.jpg api-count 3 request-body= {} 404 0.754 ms - 158- response-body = - --
Mon, 10 Jun 2024 08:59:26 GMT GET /images/person_5.jpg api-count 3 request-body= {} 404 0.544 ms - 158- response-body = - --
Mon, 10 Jun 2024 08:59:28 GMT GET /images/img_4.jpg api-count 2 request-body= {} 404 1.225 ms - 155- response-body = - --
Mon, 10 Jun 2024 09:01:45 GMT POST /user/sign-up api-count 1 request-body= {} 500 166.722 ms - 49- response-body = "{\"message\":\"something went wrong\",\"status\":false}" -2
Mon, 10 Jun 2024 09:03:32 GMT POST /user/sign-up api-count 2 request-body= {"name":"chetan","contact":"8839597780","customerType":"Customer","email":"example@gmail.com","password":"123456"} 200 253.843 ms - 232- response-body = "{\"result\":{\"name\":\"chetan\",\"contact\":8839597780,\"customerType\":\"Customer\",\"email\":\"example@gmail.com\",\"password\":\"$2a$10$0KdruKlUQit9kLIsrX8XhubPa5m4UByU3y097wbI0dOhRMnqn/dWW\",\"_id\":\"6666c164987ea86e62b2c72e\",\"__v\":0},\"status\":true}" -114
Mon, 10 Jun 2024 09:04:03 GMT POST /user/sign-in api-count 1 request-body= {"email":"example@gmail.com","password":"123456"} 200 467.466 ms - 236- response-body = "{\"userDetail\":{\"_id\":\"6666c164987ea86e62b2c72e\",\"name\":\"chetan\",\"contact\":8839597780,\"customerType\":\"Customer\",\"email\":\"example@gmail.com\",\"password\":\"$2a$10$0KdruKlUQit9kLIsrX8XhubPa5m4UByU3y097wbI0dOhRMnqn/dWW\",\"__v\":0},\"status\":true}" -49
Mon, 10 Jun 2024 09:04:10 GMT GET /booking/complete-orders/6666c164987ea86e62b2c72e api-count 1 request-body= {} 200 379.834 ms - 27- response-body = "{\"status\":true,\"result\":[]}" --
Mon, 10 Jun 2024 09:04:11 GMT POST /booking/order-status api-count 1 request-body= {"id":"6666c164987ea86e62b2c72e"} 201 77.377 ms - 31- response-body = "{\"bookings\":null,\"status\":true}" -33
Wed, 19 Mar 2025 06:16:48 GMT POST /user/sign-up api-count 1 request-body= {"name":"Mayuri bhange","contact":"7489112400","customerType":"VehicleOwner","email":"mayuri@yopmail.com","password":"mayuri@09"} 500 573.709 ms - 98- response-body = "{\"message\":\"errors\",\"status\":false,\"errors\":\"\\\"name\\\" must only contain alpha-numeric characters\"}" -129
Wed, 19 Mar 2025 06:17:37 GMT POST /user/sign-up api-count 2 request-body= {"name":"mayuri09","contact":"7489112400","customerType":"VehicleOwner","email":"mayuri@gmail.com","password":"mayuri@09"} 200 445.357 ms - 237- response-body = "{\"result\":{\"name\":\"mayuri09\",\"contact\":7489112400,\"customerType\":\"VehicleOwner\",\"email\":\"mayuri@gmail.com\",\"password\":\"$2a$10$qAc4NgPtwDkS8z4czQ0gt.jYN2gWgAmtQRrWBwr/iekhCOkk.zn3e\",\"_id\":\"67da618183ae8a95e8bf590b\",\"__v\":0},\"status\":true}" -122
Wed, 19 Mar 2025 06:17:38 GMT GET /images/img_4.jpg api-count 1 request-body= {} 404 5.783 ms - 155- response-body = - --
Wed, 19 Mar 2025 06:17:38 GMT GET /images/img3.webp api-count 1 request-body= {} 404 1.945 ms - 155- response-body = - --
Wed, 19 Mar 2025 06:18:03 GMT POST /user/sign-in api-count 1 request-body= {"email":"mayuri@gmail.com","password":"mayuri@09"} 200 268.854 ms - 241- response-body = "{\"userDetail\":{\"_id\":\"67da618183ae8a95e8bf590b\",\"name\":\"mayuri09\",\"contact\":7489112400,\"customerType\":\"VehicleOwner\",\"email\":\"mayuri@gmail.com\",\"password\":\"$2a$10$qAc4NgPtwDkS8z4czQ0gt.jYN2gWgAmtQRrWBwr/iekhCOkk.zn3e\",\"__v\":0},\"status\":true}" -51
Wed, 19 Mar 2025 06:18:03 GMT GET /images/img_4.jpg api-count 2 request-body= {} 404 1.412 ms - 155- response-body = - --
Wed, 19 Mar 2025 06:18:03 GMT GET /driver/attach-vehicle?id=67da618183ae8a95e8bf590b api-count - request-body= {} 200 10.584 ms - 29- response-body = "{\"result\":null,\"status\":true}" --
Wed, 19 Mar 2025 06:18:03 GMT GET /images/img_8.jpg api-count 1 request-body= {} 404 0.458 ms - 155- response-body = - --
Wed, 19 Mar 2025 06:19:19 GMT GET /images/img_8.jpg api-count 2 request-body= {} 404 1.713 ms - 155- response-body = - --
Wed, 19 Mar 2025 06:19:19 GMT GET /images/img_3.jpg api-count 1 request-body= {} 404 1.349 ms - 155- response-body = - --
Wed, 19 Mar 2025 06:19:24 GMT GET /images/img_8.jpg api-count 3 request-body= {} 404 0.947 ms - 155- response-body = - --
Wed, 19 Mar 2025 06:26:46 GMT GET /css/style.css.map api-count 1 request-body= {} 404 0.671 ms - 156- response-body = - --
Wed, 19 Mar 2025 06:26:46 GMT GET /css/bootstrap-datepicker.css.map api-count 1 request-body= {} 404 0.603 ms - 171- response-body = - --
Wed, 19 Mar 2025 06:26:46 GMT GET /js/popper.min.js.map api-count 1 request-body= {} 404 0.459 ms - 159- response-body = - --
Wed, 19 Mar 2025 06:26:46 GMT GET /js/bootstrap.min.js.map api-count 1 request-body= {} 404 0.717 ms - 162- response-body = - --
Wed, 19 Mar 2025 06:26:46 GMT GET /static/js/bundle.js.map api-count 1 request-body= {} 404 0.426 ms - 162- response-body = - --
Wed, 19 Mar 2025 06:26:53 GMT POST /driver/attach-vehicle api-count 2 request-body= {"ownerName":"Mayuri","driverName":"Aman dev","adharNumber":"7485112201478541","vehicleModel":"Nissan magnite","vehicleNumber":"MP459009","driverId":"67da618183ae8a95e8bf590b"} 201 156.318 ms - 507- response-body = "{\"result\":{\"ownerName\":\"Mayuri\",\"driverName\":\"Aman dev\",\"adharNumber\":7485112201478541,\"vehicleNumber\":\"MP459009\",\"vehicleModel\":\"Nissan magnite\",\"licence\":\"13f930f972a4215d17c2e4e0ba24972f\",\"insurance\":\"7d445d9688a31967d9a3d26c4bc4a4fb\",\"RC\":\"9a7f903143646123b8454f7ab3f37197\",\"PUC\":\"dfd0aba9fc04ff4df52c56b3072063aa\",\"fitness\":\"c729b54a319acf78123a2969bbd0035d\",\"driverPhoto\":\"f41ec7f0db2c9d6cc19faf3da1c853d9\",\"driverId\":\"67da618183ae8a95e8bf590b\",\"_id\":\"67da63ad83ae8a95e8bf590f\",\"__v\":0},\"status\":true}" -59124
Wed, 19 Mar 2025 06:26:53 GMT GET /booking/book-vehicle api-count 1 request-body= {} 201 84.694 ms - 29- response-body = "{\"bookings\":[],\"status\":true}" --
Wed, 19 Mar 2025 06:26:53 GMT GET /images/img_8.jpg api-count 4 request-body= {} 404 0.513 ms - 155- response-body = - --
Wed, 19 Mar 2025 06:27:36 GMT GET /images/img_3.jpg api-count 2 request-body= {} 404 0.998 ms - 155- response-body = - --
Wed, 19 Mar 2025 06:27:36 GMT GET /images/person_1.jpg api-count 1 request-body= {} 404 0.859 ms - 158- response-body = - --
Wed, 19 Mar 2025 06:27:36 GMT GET /images/person_2.jpg api-count 1 request-body= {} 404 0.867 ms - 158- response-body = - --
Wed, 19 Mar 2025 06:27:36 GMT GET /images/person_5.jpg api-count 1 request-body= {} 404 1.173 ms - 158- response-body = - --
Wed, 19 Mar 2025 06:27:36 GMT GET /images/person_4.jpg api-count 1 request-body= {} 404 0.827 ms - 158- response-body = - --
Wed, 19 Mar 2025 06:27:36 GMT GET /images/hero_bg_2.jpg api-count 1 request-body= {} 404 0.867 ms - 159- response-body = - --
Wed, 19 Mar 2025 06:27:36 GMT GET /images/hero_bg_4.jpg api-count 1 request-body= {} 404 0.946 ms - 159- response-body = - --
Wed, 19 Mar 2025 06:30:51 GMT GET /images/img_3.jpg api-count 3 request-body= {} 404 1.066 ms - 155- response-body = - --
Wed, 19 Mar 2025 06:30:51 GMT GET /images/img_8.jpg api-count 5 request-body= {} 404 0.874 ms - 155- response-body = - --
Wed, 19 Mar 2025 06:31:02 GMT GET /images/img_8.jpg api-count 6 request-body= {} 404 2.035 ms - 155- response-body = - --
Wed, 19 Mar 2025 06:31:02 GMT GET /booking/book-vehicle api-count 2 request-body= {} 201 22.087 ms - 29- response-body = "{\"bookings\":[],\"status\":true}" --
Wed, 19 Mar 2025 06:31:06 GMT GET /images/img_3.jpg api-count 4 request-body= {} 404 1.168 ms - 155- response-body = - --
Wed, 19 Mar 2025 06:31:06 GMT GET /images/person_1.jpg api-count 2 request-body= {} 404 0.922 ms - 158- response-body = - --
Wed, 19 Mar 2025 06:31:06 GMT GET /images/person_2.jpg api-count 2 request-body= {} 404 1.425 ms - 158- response-body = - --
Wed, 19 Mar 2025 06:31:06 GMT GET /images/person_4.jpg api-count 2 request-body= {} 404 0.846 ms - 158- response-body = - --
Wed, 19 Mar 2025 06:31:06 GMT GET /images/person_5.jpg api-count 2 request-body= {} 404 1.145 ms - 158- response-body = - --
Wed, 19 Mar 2025 06:31:06 GMT GET /images/hero_bg_2.jpg api-count 2 request-body= {} 404 1.106 ms - 159- response-body = - --
Wed, 19 Mar 2025 06:31:06 GMT GET /images/hero_bg_4.jpg api-count 2 request-body= {} 404 0.523 ms - 159- response-body = - --
Wed, 19 Mar 2025 06:31:13 GMT GET /images/img3.webp api-count 2 request-body= {} 404 0.884 ms - 155- response-body = - --
Wed, 19 Mar 2025 06:31:13 GMT GET /images/img_4.jpg api-count 3 request-body= {} 404 1.125 ms - 155- response-body = - --
Wed, 19 Mar 2025 06:31:16 GMT POST /user/sign-in api-count 2 request-body= {"email":"mayuri@gmail.com","password":"mayuri@09"} 200 223.115 ms - 241- response-body = "{\"userDetail\":{\"_id\":\"67da618183ae8a95e8bf590b\",\"name\":\"mayuri09\",\"contact\":7489112400,\"customerType\":\"VehicleOwner\",\"email\":\"mayuri@gmail.com\",\"password\":\"$2a$10$qAc4NgPtwDkS8z4czQ0gt.jYN2gWgAmtQRrWBwr/iekhCOkk.zn3e\",\"__v\":0},\"status\":true}" -51
Wed, 19 Mar 2025 06:31:16 GMT GET /driver/attach-vehicle?id=67da618183ae8a95e8bf590b api-count - request-body= {} 200 4.524 ms - 507- response-body = "{\"result\":{\"_id\":\"67da63ad83ae8a95e8bf590f\",\"ownerName\":\"Mayuri\",\"driverName\":\"Aman dev\",\"adharNumber\":7485112201478541,\"vehicleNumber\":\"MP459009\",\"vehicleModel\":\"Nissan magnite\",\"licence\":\"13f930f972a4215d17c2e4e0ba24972f\",\"insurance\":\"7d445d9688a31967d9a3d26c4bc4a4fb\",\"RC\":\"9a7f903143646123b8454f7ab3f37197\",\"PUC\":\"dfd0aba9fc04ff4df52c56b3072063aa\",\"fitness\":\"c729b54a319acf78123a2969bbd0035d\",\"driverPhoto\":\"f41ec7f0db2c9d6cc19faf3da1c853d9\",\"driverId\":\"67da618183ae8a95e8bf590b\",\"__v\":0},\"status\":true}" --
Wed, 19 Mar 2025 06:31:16 GMT GET /images/img_4.jpg api-count 4 request-body= {} 404 0.501 ms - 155- response-body = - --
Wed, 19 Mar 2025 06:31:16 GMT GET /images/img_8.jpg api-count 7 request-body= {} 404 0.525 ms - 155- response-body = - --
Wed, 19 Mar 2025 06:31:16 GMT GET /booking/book-vehicle api-count 3 request-body= {} 201 3.827 ms - 29- response-body = "{\"bookings\":[],\"status\":true}" --
Wed, 19 Mar 2025 06:32:15 GMT GET /ws api-count 1 request-body= {} 404 0.951 ms - 141- response-body = - --
Wed, 19 Mar 2025 06:32:15 GMT GET /ws api-count 2 request-body= {} 404 2.000 ms - 141- response-body = - --
Wed, 19 Mar 2025 06:32:15 GMT GET /ws api-count 3 request-body= {} 404 0.813 ms - 141- response-body = - --
Wed, 19 Mar 2025 06:33:35 GMT GET /ws api-count 1 request-body= {} 404 6.670 ms - 141- response-body = - --
Wed, 19 Mar 2025 06:33:35 GMT GET /ws api-count 2 request-body= {} 404 3.082 ms - 141- response-body = - --
Wed, 19 Mar 2025 06:34:38 GMT GET /ws api-count 3 request-body= {} 404 0.627 ms - 141- response-body = - --
Wed, 19 Mar 2025 06:34:40 GMT GET /ws api-count 4 request-body= {} 404 0.921 ms - 141- response-body = - --
Wed, 19 Mar 2025 06:34:40 GMT GET /ws api-count 5 request-body= {} 404 1.196 ms - 141- response-body = - --
Wed, 19 Mar 2025 06:52:16 GMT POST /user/sign-in api-count 1 request-body= {"email":"mayuri@gmail.com","password":"mayuri@09"} 200 463.485 ms - 241- response-body = "{\"userDetail\":{\"_id\":\"67da618183ae8a95e8bf590b\",\"name\":\"mayuri09\",\"contact\":7489112400,\"customerType\":\"VehicleOwner\",\"email\":\"mayuri@gmail.com\",\"password\":\"$2a$10$qAc4NgPtwDkS8z4czQ0gt.jYN2gWgAmtQRrWBwr/iekhCOkk.zn3e\",\"__v\":0},\"status\":true}" -51
Wed, 19 Mar 2025 06:52:16 GMT GET /driver/attach-vehicle?id=67da618183ae8a95e8bf590b api-count - request-body= {} 304 14.143 ms - -- response-body = "{\"result\":{\"_id\":\"67da63ad83ae8a95e8bf590f\",\"ownerName\":\"Mayuri\",\"driverName\":\"Aman dev\",\"adharNumber\":7485112201478541,\"vehicleNumber\":\"MP459009\",\"vehicleModel\":\"Nissan magnite\",\"licence\":\"13f930f972a4215d17c2e4e0ba24972f\",\"insurance\":\"7d445d9688a31967d9a3d26c4bc4a4fb\",\"RC\":\"9a7f903143646123b8454f7ab3f37197\",\"PUC\":\"dfd0aba9fc04ff4df52c56b3072063aa\",\"fitness\":\"c729b54a319acf78123a2969bbd0035d\",\"driverPhoto\":\"f41ec7f0db2c9d6cc19faf3da1c853d9\",\"driverId\":\"67da618183ae8a95e8bf590b\",\"__v\":0},\"status\":true}" --
Wed, 19 Mar 2025 06:52:17 GMT GET /booking/book-vehicle api-count 1 request-body= {} 201 49.690 ms - 29- response-body = "{\"bookings\":[],\"status\":true}" --
Wed, 19 Mar 2025 06:52:58 GMT POST /user/sign-in api-count 2 request-body= {"email":"mayuri@gmail.com","password":"mayuri@09"} 200 216.675 ms - 241- response-body = "{\"userDetail\":{\"_id\":\"67da618183ae8a95e8bf590b\",\"name\":\"mayuri09\",\"contact\":7489112400,\"customerType\":\"VehicleOwner\",\"email\":\"mayuri@gmail.com\",\"password\":\"$2a$10$qAc4NgPtwDkS8z4czQ0gt.jYN2gWgAmtQRrWBwr/iekhCOkk.zn3e\",\"__v\":0},\"status\":true}" -51
Wed, 19 Mar 2025 06:52:58 GMT GET /driver/attach-vehicle?id=67da618183ae8a95e8bf590b api-count - request-body= {} 304 7.685 ms - -- response-body = "{\"result\":{\"_id\":\"67da63ad83ae8a95e8bf590f\",\"ownerName\":\"Mayuri\",\"driverName\":\"Aman dev\",\"adharNumber\":7485112201478541,\"vehicleNumber\":\"MP459009\",\"vehicleModel\":\"Nissan magnite\",\"licence\":\"13f930f972a4215d17c2e4e0ba24972f\",\"insurance\":\"7d445d9688a31967d9a3d26c4bc4a4fb\",\"RC\":\"9a7f903143646123b8454f7ab3f37197\",\"PUC\":\"dfd0aba9fc04ff4df52c56b3072063aa\",\"fitness\":\"c729b54a319acf78123a2969bbd0035d\",\"driverPhoto\":\"f41ec7f0db2c9d6cc19faf3da1c853d9\",\"driverId\":\"67da618183ae8a95e8bf590b\",\"__v\":0},\"status\":true}" --
Wed, 19 Mar 2025 06:52:59 GMT GET /booking/book-vehicle api-count 2 request-body= {} 201 5.756 ms - 29- response-body = "{\"bookings\":[],\"status\":true}" --
Wed, 19 Mar 2025 06:55:04 GMT POST /user/sign-in api-count 3 request-body= {"email":"mayuri@gmail.com","password":"mayuri@09"} 200 168.981 ms - 241- response-body = "{\"userDetail\":{\"_id\":\"67da618183ae8a95e8bf590b\",\"name\":\"mayuri09\",\"contact\":7489112400,\"customerType\":\"VehicleOwner\",\"email\":\"mayuri@gmail.com\",\"password\":\"$2a$10$qAc4NgPtwDkS8z4czQ0gt.jYN2gWgAmtQRrWBwr/iekhCOkk.zn3e\",\"__v\":0},\"status\":true}" -51
Wed, 19 Mar 2025 06:55:04 GMT GET /driver/attach-vehicle?id=67da618183ae8a95e8bf590b api-count - request-body= {} 304 5.827 ms - -- response-body = "{\"result\":{\"_id\":\"67da63ad83ae8a95e8bf590f\",\"ownerName\":\"Mayuri\",\"driverName\":\"Aman dev\",\"adharNumber\":7485112201478541,\"vehicleNumber\":\"MP459009\",\"vehicleModel\":\"Nissan magnite\",\"licence\":\"13f930f972a4215d17c2e4e0ba24972f\",\"insurance\":\"7d445d9688a31967d9a3d26c4bc4a4fb\",\"RC\":\"9a7f903143646123b8454f7ab3f37197\",\"PUC\":\"dfd0aba9fc04ff4df52c56b3072063aa\",\"fitness\":\"c729b54a319acf78123a2969bbd0035d\",\"driverPhoto\":\"f41ec7f0db2c9d6cc19faf3da1c853d9\",\"driverId\":\"67da618183ae8a95e8bf590b\",\"__v\":0},\"status\":true}" --
Wed, 19 Mar 2025 06:55:04 GMT GET /booking/book-vehicle api-count 3 request-body= {} 201 8.778 ms - 29- response-body = "{\"bookings\":[],\"status\":true}" --
Wed, 19 Mar 2025 16:11:43 GMT POST /user/sign-in api-count 2 request-body= {"email":"mayuri@gmail.com","password":"mayuri@09"} 200 415.146 ms - 241- response-body = "{\"userDetail\":{\"_id\":\"67da618183ae8a95e8bf590b\",\"name\":\"mayuri09\",\"contact\":7489112400,\"customerType\":\"VehicleOwner\",\"email\":\"mayuri@gmail.com\",\"password\":\"$2a$10$qAc4NgPtwDkS8z4czQ0gt.jYN2gWgAmtQRrWBwr/iekhCOkk.zn3e\",\"__v\":0},\"status\":true}" -51
Wed, 19 Mar 2025 16:11:43 GMT POST /user/sign-in api-count 2 request-body= {"email":"mayuri@gmail.com","password":"mayuri@09"} 200 1374.792 ms - 241- response-body = "{\"userDetail\":{\"_id\":\"67da618183ae8a95e8bf590b\",\"name\":\"mayuri09\",\"contact\":7489112400,\"customerType\":\"VehicleOwner\",\"email\":\"mayuri@gmail.com\",\"password\":\"$2a$10$qAc4NgPtwDkS8z4czQ0gt.jYN2gWgAmtQRrWBwr/iekhCOkk.zn3e\",\"__v\":0},\"status\":true}" -51
Wed, 19 Mar 2025 16:11:44 GMT GET /driver/attach-vehicle?id=67da618183ae8a95e8bf590b api-count - request-body= {} 304 21.523 ms - -- response-body = "{\"result\":{\"_id\":\"67da63ad83ae8a95e8bf590f\",\"ownerName\":\"Mayuri\",\"driverName\":\"Aman dev\",\"adharNumber\":7485112201478541,\"vehicleNumber\":\"MP459009\",\"vehicleModel\":\"Nissan magnite\",\"licence\":\"13f930f972a4215d17c2e4e0ba24972f\",\"insurance\":\"7d445d9688a31967d9a3d26c4bc4a4fb\",\"RC\":\"9a7f903143646123b8454f7ab3f37197\",\"PUC\":\"dfd0aba9fc04ff4df52c56b3072063aa\",\"fitness\":\"c729b54a319acf78123a2969bbd0035d\",\"driverPhoto\":\"f41ec7f0db2c9d6cc19faf3da1c853d9\",\"driverId\":\"67da618183ae8a95e8bf590b\",\"__v\":0},\"status\":true}" --
Wed, 19 Mar 2025 16:11:44 GMT GET /driver/attach-vehicle?id=67da618183ae8a95e8bf590b api-count - request-body= {} 304 4.310 ms - -- response-body = "{\"result\":{\"_id\":\"67da63ad83ae8a95e8bf590f\",\"ownerName\":\"Mayuri\",\"driverName\":\"Aman dev\",\"adharNumber\":7485112201478541,\"vehicleNumber\":\"MP459009\",\"vehicleModel\":\"Nissan magnite\",\"licence\":\"13f930f972a4215d17c2e4e0ba24972f\",\"insurance\":\"7d445d9688a31967d9a3d26c4bc4a4fb\",\"RC\":\"9a7f903143646123b8454f7ab3f37197\",\"PUC\":\"dfd0aba9fc04ff4df52c56b3072063aa\",\"fitness\":\"c729b54a319acf78123a2969bbd0035d\",\"driverPhoto\":\"f41ec7f0db2c9d6cc19faf3da1c853d9\",\"driverId\":\"67da618183ae8a95e8bf590b\",\"__v\":0},\"status\":true}" --
Wed, 19 Mar 2025 16:11:44 GMT GET /booking/book-vehicle api-count 1 request-body= {} 201 91.737 ms - 29- response-body = "{\"bookings\":[],\"status\":true}" --
Wed, 19 Mar 2025 16:11:56 GMT GET /booking/book-vehicle api-count 2 request-body= {} 201 3.489 ms - 29- response-body = "{\"bookings\":[],\"status\":true}" --
Wed, 19 Mar 2025 16:15:52 GMT POST /user/sign-in api-count 3 request-body= {"email":"mayuri@gmail.com","password":"mayuri@09"} 200 133.122 ms - 241- response-body = "{\"userDetail\":{\"_id\":\"67da618183ae8a95e8bf590b\",\"name\":\"mayuri09\",\"contact\":7489112400,\"customerType\":\"VehicleOwner\",\"email\":\"mayuri@gmail.com\",\"password\":\"$2a$10$qAc4NgPtwDkS8z4czQ0gt.jYN2gWgAmtQRrWBwr/iekhCOkk.zn3e\",\"__v\":0},\"status\":true}" -51
Wed, 19 Mar 2025 16:16:17 GMT POST /user/sign-in api-count 4 request-body= {"email":"mayuri@gmail.com","password":"mayuri@09"} 200 150.431 ms - 241- response-body = "{\"userDetail\":{\"_id\":\"67da618183ae8a95e8bf590b\",\"name\":\"mayuri09\",\"contact\":7489112400,\"customerType\":\"VehicleOwner\",\"email\":\"mayuri@gmail.com\",\"password\":\"$2a$10$qAc4NgPtwDkS8z4czQ0gt.jYN2gWgAmtQRrWBwr/iekhCOkk.zn3e\",\"__v\":0},\"status\":true}" -51
Wed, 19 Mar 2025 16:18:26 GMT POST /user/sign-up api-count 1 request-body= {"name":"Customer1","contact":"1457896541","customerType":"Customer","email":"customer@gmail.com","password":"customer@01"} 200 781.691 ms - 236- response-body = "{\"result\":{\"name\":\"Customer1\",\"contact\":1457896541,\"customerType\":\"Customer\",\"email\":\"customer@gmail.com\",\"password\":\"$2a$10$TtI/2nYo4B/RCVc1Ubcz6eRlZnvnUYqn6l84zu6VkSKxVIqC33oju\",\"_id\":\"67daee52955ae2ac4a5559d4\",\"__v\":0},\"status\":true}" -123
Wed, 19 Mar 2025 16:18:45 GMT POST /user/sign-in api-count 5 request-body= {"email":"customer@gmail.com","password":"customer@01"} 200 86.548 ms - 240- response-body = "{\"userDetail\":{\"_id\":\"67daee52955ae2ac4a5559d4\",\"name\":\"Customer1\",\"contact\":1457896541,\"customerType\":\"Customer\",\"email\":\"customer@gmail.com\",\"password\":\"$2a$10$TtI/2nYo4B/RCVc1Ubcz6eRlZnvnUYqn6l84zu6VkSKxVIqC33oju\",\"__v\":0},\"status\":true}" -55
Wed, 19 Mar 2025 16:19:06 GMT POST /user/sign-in api-count 6 request-body= {"email":"customer@gmail.com","password":"customer@01"} 200 103.825 ms - 240- response-body = "{\"userDetail\":{\"_id\":\"67daee52955ae2ac4a5559d4\",\"name\":\"Customer1\",\"contact\":1457896541,\"customerType\":\"Customer\",\"email\":\"customer@gmail.com\",\"password\":\"$2a$10$TtI/2nYo4B/RCVc1Ubcz6eRlZnvnUYqn6l84zu6VkSKxVIqC33oju\",\"__v\":0},\"status\":true}" -55
Wed, 19 Mar 2025 16:19:21 GMT POST /user/sign-in api-count 7 request-body= {"email":"customer@gmail.com","password":"customer@01"} 200 114.556 ms - 240- response-body = "{\"userDetail\":{\"_id\":\"67daee52955ae2ac4a5559d4\",\"name\":\"Customer1\",\"contact\":1457896541,\"customerType\":\"Customer\",\"email\":\"customer@gmail.com\",\"password\":\"$2a$10$TtI/2nYo4B/RCVc1Ubcz6eRlZnvnUYqn6l84zu6VkSKxVIqC33oju\",\"__v\":0},\"status\":true}" -55
Wed, 19 Mar 2025 16:21:41 GMT POST /user/sign-in api-count 8 request-body= {"email":"customer@gmail.com","password":"customer@01"} 200 135.564 ms - 240- response-body = "{\"userDetail\":{\"_id\":\"67daee52955ae2ac4a5559d4\",\"name\":\"Customer1\",\"contact\":1457896541,\"customerType\":\"Customer\",\"email\":\"customer@gmail.com\",\"password\":\"$2a$10$TtI/2nYo4B/RCVc1Ubcz6eRlZnvnUYqn6l84zu6VkSKxVIqC33oju\",\"__v\":0},\"status\":true}" -55
Wed, 19 Mar 2025 16:27:07 GMT POST /booking/book-vehicle api-count 3 request-body= {"userId":"67daee52955ae2ac4a5559d4","pickUpContact":"8997458741","pickUpDate":"2025-03-22","pickUpLocation":"dewas, hotel","deliveryLocation":"Indore, vijay nagar","destinationContact":"4455112244"} 201 265.084 ms - 273- response-body = "{\"result\":{\"pickUpLocation\":\"dewas, hotel\",\"pickUpContact\":8997458741,\"deliveryLocation\":\"Indore, vijay nagar\",\"destinationContact\":4455112244,\"pickUpDate\":\"22/03/2025\",\"biding\":[],\"userId\":\"67daee52955ae2ac4a5559d4\",\"_id\":\"67daf05b955ae2ac4a5559da\",\"__v\":0},\"status\":true}" -199
Wed, 19 Mar 2025 16:28:32 GMT POST /booking/book-vehicle api-count 4 request-body= {"userId":"67daee52955ae2ac4a5559d4","pickUpContact":"7485849674","pickUpDate":"2025-03-27","pickUpLocation":"idvnsodj","deliveryLocation":"indore","destinationContact":"8855774499"} 201 8.972 ms - 256- response-body = "{\"result\":{\"pickUpLocation\":\"idvnsodj\",\"pickUpContact\":7485849674,\"deliveryLocation\":\"indore\",\"destinationContact\":8855774499,\"pickUpDate\":\"27/03/2025\",\"biding\":[],\"userId\":\"67daee52955ae2ac4a5559d4\",\"_id\":\"67daf0b0955ae2ac4a5559dc\",\"__v\":0},\"status\":true}" -182
Wed, 19 Mar 2025 16:29:00 GMT POST /user/sign-in api-count 9 request-body= {"email":"mayuri@gmail.com","password":"mayuri@09"} 200 112.047 ms - 241- response-body = "{\"userDetail\":{\"_id\":\"67da618183ae8a95e8bf590b\",\"name\":\"mayuri09\",\"contact\":7489112400,\"customerType\":\"VehicleOwner\",\"email\":\"mayuri@gmail.com\",\"password\":\"$2a$10$qAc4NgPtwDkS8z4czQ0gt.jYN2gWgAmtQRrWBwr/iekhCOkk.zn3e\",\"__v\":0},\"status\":true}" -51
Wed, 19 Mar 2025 16:29:00 GMT GET /driver/attach-vehicle?id=67da618183ae8a95e8bf590b api-count - request-body= {} 304 5.328 ms - -- response-body = "{\"result\":{\"_id\":\"67da63ad83ae8a95e8bf590f\",\"ownerName\":\"Mayuri\",\"driverName\":\"Aman dev\",\"adharNumber\":7485112201478541,\"vehicleNumber\":\"MP459009\",\"vehicleModel\":\"Nissan magnite\",\"licence\":\"13f930f972a4215d17c2e4e0ba24972f\",\"insurance\":\"7d445d9688a31967d9a3d26c4bc4a4fb\",\"RC\":\"9a7f903143646123b8454f7ab3f37197\",\"PUC\":\"dfd0aba9fc04ff4df52c56b3072063aa\",\"fitness\":\"c729b54a319acf78123a2969bbd0035d\",\"driverPhoto\":\"f41ec7f0db2c9d6cc19faf3da1c853d9\",\"driverId\":\"67da618183ae8a95e8bf590b\",\"__v\":0},\"status\":true}" --
Wed, 19 Mar 2025 16:29:01 GMT GET /booking/book-vehicle api-count 5 request-body= {} 201 556.826 ms - 879- response-body = "{\"bookings\":[{\"_id\":\"67daf05b955ae2ac4a5559da\",\"pickUpLocation\":\"dewas, hotel\",\"pickUpContact\":8997458741,\"deliveryLocation\":\"Indore, vijay nagar\",\"destinationContact\":4455112244,\"pickUpDate\":\"22/03/2025\",\"biding\":[],\"userId\":{\"_id\":\"67daee52955ae2ac4a5559d4\",\"name\":\"Customer1\",\"contact\":1457896541,\"customerType\":\"Customer\",\"email\":\"customer@gmail.com\",\"password\":\"$2a$10$TtI/2nYo4B/RCVc1Ubcz6eRlZnvnUYqn6l84zu6VkSKxVIqC33oju\",\"__v\":0},\"__v\":0},{\"_id\":\"67daf0b0955ae2ac4a5559dc\",\"pickUpLocation\":\"idvnsodj\",\"pickUpContact\":7485849674,\"deliveryLocation\":\"indore\",\"destinationContact\":8855774499,\"pickUpDate\":\"27/03/2025\",\"biding\":[],\"userId\":{\"_id\":\"67daee52955ae2ac4a5559d4\",\"name\":\"Customer1\",\"contact\":1457896541,\"customerType\":\"Customer\",\"email\":\"customer@gmail.com\",\"password\":\"$2a$10$TtI/2nYo4B/RCVc1Ubcz6eRlZnvnUYqn6l84zu6VkSKxVIqC33oju\",\"__v\":0},\"__v\":0}],\"status\":true}" --
Wed, 19 Mar 2025 16:29:52 GMT POST /user/sign-in api-count 10 request-body= {"email":"customer@gmail.com","password":"customer@01"} 200 156.952 ms - 240- response-body = "{\"userDetail\":{\"_id\":\"67daee52955ae2ac4a5559d4\",\"name\":\"Customer1\",\"contact\":1457896541,\"customerType\":\"Customer\",\"email\":\"customer@gmail.com\",\"password\":\"$2a$10$TtI/2nYo4B/RCVc1Ubcz6eRlZnvnUYqn6l84zu6VkSKxVIqC33oju\",\"__v\":0},\"status\":true}" -55
Wed, 19 Mar 2025 16:30:16 GMT POST /booking/book-vehicle api-count 6 request-body= {"userId":"67daee52955ae2ac4a5559d4","pickUpContact":"7451247145","pickUpDate":"2026-04-05","pickUpLocation":"ldf","deliveryLocation":"ishdibw","destinationContact":"8574968574"} 201 51.470 ms - 252- response-body = "{\"result\":{\"pickUpLocation\":\"ldf\",\"pickUpContact\":7451247145,\"deliveryLocation\":\"ishdibw\",\"destinationContact\":8574968574,\"pickUpDate\":\"05/04/2026\",\"biding\":[],\"userId\":\"67daee52955ae2ac4a5559d4\",\"_id\":\"67daf118955ae2ac4a5559e3\",\"__v\":0},\"status\":true}" -178
Wed, 19 Mar 2025 16:31:20 GMT POST /user/sign-in api-count 11 request-body= {"email":"customer@gmail.com","password":"customer@01"} 200 134.884 ms - 240- response-body = "{\"userDetail\":{\"_id\":\"67daee52955ae2ac4a5559d4\",\"name\":\"Customer1\",\"contact\":1457896541,\"customerType\":\"Customer\",\"email\":\"customer@gmail.com\",\"password\":\"$2a$10$TtI/2nYo4B/RCVc1Ubcz6eRlZnvnUYqn6l84zu6VkSKxVIqC33oju\",\"__v\":0},\"status\":true}" -55
Wed, 19 Mar 2025 16:31:39 GMT POST /booking/book-vehicle api-count 7 request-body= {"userId":"67daee52955ae2ac4a5559d4","pickUpContact":"8574124578","pickUpDate":"2025-11-09","pickUpLocation":"osdjo","deliveryLocation":"psjdfow","destinationContact":"9685748574"} 201 19.718 ms - 254- response-body = "{\"result\":{\"pickUpLocation\":\"osdjo\",\"pickUpContact\":8574124578,\"deliveryLocation\":\"psjdfow\",\"destinationContact\":9685748574,\"pickUpDate\":\"09/11/2025\",\"biding\":[],\"userId\":\"67daee52955ae2ac4a5559d4\",\"_id\":\"67daf16b955ae2ac4a5559e6\",\"__v\":0},\"status\":true}" -180
Wed, 19 Mar 2025 16:32:06 GMT POST /user/sign-in api-count 12 request-body= {"email":"mayuri@gmail.com","password":"mayuri@09"} 200 116.330 ms - 241- response-body = "{\"userDetail\":{\"_id\":\"67da618183ae8a95e8bf590b\",\"name\":\"mayuri09\",\"contact\":7489112400,\"customerType\":\"VehicleOwner\",\"email\":\"mayuri@gmail.com\",\"password\":\"$2a$10$qAc4NgPtwDkS8z4czQ0gt.jYN2gWgAmtQRrWBwr/iekhCOkk.zn3e\",\"__v\":0},\"status\":true}" -51
Wed, 19 Mar 2025 16:32:06 GMT GET /driver/attach-vehicle?id=67da618183ae8a95e8bf590b api-count - request-body= {} 304 2.914 ms - -- response-body = "{\"result\":{\"_id\":\"67da63ad83ae8a95e8bf590f\",\"ownerName\":\"Mayuri\",\"driverName\":\"Aman dev\",\"adharNumber\":7485112201478541,\"vehicleNumber\":\"MP459009\",\"vehicleModel\":\"Nissan magnite\",\"licence\":\"13f930f972a4215d17c2e4e0ba24972f\",\"insurance\":\"7d445d9688a31967d9a3d26c4bc4a4fb\",\"RC\":\"9a7f903143646123b8454f7ab3f37197\",\"PUC\":\"dfd0aba9fc04ff4df52c56b3072063aa\",\"fitness\":\"c729b54a319acf78123a2969bbd0035d\",\"driverPhoto\":\"f41ec7f0db2c9d6cc19faf3da1c853d9\",\"driverId\":\"67da618183ae8a95e8bf590b\",\"__v\":0},\"status\":true}" --
Wed, 19 Mar 2025 16:32:06 GMT GET /booking/book-vehicle api-count 8 request-body= {} 201 7.338 ms - 1707- response-body = "{\"bookings\":[{\"_id\":\"67daf05b955ae2ac4a5559da\",\"pickUpLocation\":\"dewas, hotel\",\"pickUpContact\":8997458741,\"deliveryLocation\":\"Indore, vijay nagar\",\"destinationContact\":4455112244,\"pickUpDate\":\"22/03/2025\",\"biding\":[],\"userId\":{\"_id\":\"67daee52955ae2ac4a5559d4\",\"name\":\"Customer1\",\"contact\":1457896541,\"customerType\":\"Customer\",\"email\":\"customer@gmail.com\",\"password\":\"$2a$10$TtI/2nYo4B/RCVc1Ubcz6eRlZnvnUYqn6l84zu6VkSKxVIqC33oju\",\"__v\":0},\"__v\":0},{\"_id\":\"67daf0b0955ae2ac4a5559dc\",\"pickUpLocation\":\"idvnsodj\",\"pickUpContact\":7485849674,\"deliveryLocation\":\"indore\",\"destinationContact\":8855774499,\"pickUpDate\":\"27/03/2025\",\"biding\":[],\"userId\":{\"_id\":\"67daee52955ae2ac4a5559d4\",\"name\":\"Customer1\",\"contact\":1457896541,\"customerType\":\"Customer\",\"email\":\"customer@gmail.com\",\"password\":\"$2a$10$TtI/2nYo4B/RCVc1Ubcz6eRlZnvnUYqn6l84zu6VkSKxVIqC33oju\",\"__v\":0},\"__v\":0},{\"_id\":\"67daf118955ae2ac4a5559e3\",\"pickUpLocation\":\"ldf\",\"pickUpContact\":7451247145,\"deliveryLocation\":\"ishdibw\",\"destinationContact\":8574968574,\"pickUpDate\":\"05/04/2026\",\"biding\":[],\"userId\":{\"_id\":\"67daee52955ae2ac4a5559d4\",\"name\":\"Customer1\",\"contact\":1457896541,\"customerType\":\"Customer\",\"email\":\"customer@gmail.com\",\"password\":\"$2a$10$TtI/2nYo4B/RCVc1Ubcz6eRlZnvnUYqn6l84zu6VkSKxVIqC33oju\",\"__v\":0},\"__v\":0},{\"_id\":\"67daf16b955ae2ac4a5559e6\",\"pickUpLocation\":\"osdjo\",\"pickUpContact\":8574124578,\"deliveryLocation\":\"psjdfow\",\"destinationContact\":9685748574,\"pickUpDate\":\"09/11/2025\",\"biding\":[],\"userId\":{\"_id\":\"67daee52955ae2ac4a5559d4\",\"name\":\"Customer1\",\"contact\":1457896541,\"customerType\":\"Customer\",\"email\":\"customer@gmail.com\",\"password\":\"$2a$10$TtI/2nYo4B/RCVc1Ubcz6eRlZnvnUYqn6l84zu6VkSKxVIqC33oju\",\"__v\":0},\"__v\":0}],\"status\":true}" --
Wed, 19 Mar 2025 16:35:08 GMT POST /booking/add-bid api-count 1 request-body= {"driverId":"67da618183ae8a95e8bf590b","driverName":"Aman dev","Price":"74000","vehicleModel":"Nissan magnite","driverNumber":7489112400,"vehicleNumber":"MP459009","facility":{"insurance":true,"puc":true,"passengerSeat":false,"remark":" Best and safe drive"}} 200 266.534 ms - 53- response-body = "{\"message\":\"Successfully Bid to order\",\"status\":true}" -296
Wed, 19 Mar 2025 16:35:08 GMT GET /booking/book-vehicle api-count 9 request-body= {} 201 7.536 ms - 1966- response-body = "{\"bookings\":[{\"_id\":\"67daf05b955ae2ac4a5559da\",\"pickUpLocation\":\"dewas, hotel\",\"pickUpContact\":8997458741,\"deliveryLocation\":\"Indore, vijay nagar\",\"destinationContact\":4455112244,\"pickUpDate\":\"22/03/2025\",\"biding\":[{\"driverId\":\"67da618183ae8a95e8bf590b\",\"driverName\":\"Aman dev\",\"Price\":\"74000\",\"vehicleModel\":\"Nissan magnite\",\"driverNumber\":7489112400,\"vehicleNumber\":\"MP459009\",\"facility\":{\"insurance\":true,\"puc\":true,\"passengerSeat\":false,\"remark\":\" Best and safe drive\"}}],\"userId\":{\"_id\":\"67daee52955ae2ac4a5559d4\",\"name\":\"Customer1\",\"contact\":1457896541,\"customerType\":\"Customer\",\"email\":\"customer@gmail.com\",\"password\":\"$2a$10$TtI/2nYo4B/RCVc1Ubcz6eRlZnvnUYqn6l84zu6VkSKxVIqC33oju\",\"__v\":0},\"__v\":1},{\"_id\":\"67daf0b0955ae2ac4a5559dc\",\"pickUpLocation\":\"idvnsodj\",\"pickUpContact\":7485849674,\"deliveryLocation\":\"indore\",\"destinationContact\":8855774499,\"pickUpDate\":\"27/03/2025\",\"biding\":[],\"userId\":{\"_id\":\"67daee52955ae2ac4a5559d4\",\"name\":\"Customer1\",\"contact\":1457896541,\"customerType\":\"Customer\",\"email\":\"customer@gmail.com\",\"password\":\"$2a$10$TtI/2nYo4B/RCVc1Ubcz6eRlZnvnUYqn6l84zu6VkSKxVIqC33oju\",\"__v\":0},\"__v\":0},{\"_id\":\"67daf118955ae2ac4a5559e3\",\"pickUpLocation\":\"ldf\",\"pickUpContact\":7451247145,\"deliveryLocation\":\"ishdibw\",\"destinationContact\":8574968574,\"pickUpDate\":\"05/04/2026\",\"biding\":[],\"userId\":{\"_id\":\"67daee52955ae2ac4a5559d4\",\"name\":\"Customer1\",\"contact\":1457896541,\"customerType\":\"Customer\",\"email\":\"customer@gmail.com\",\"password\":\"$2a$10$TtI/2nYo4B/RCVc1Ubcz6eRlZnvnUYqn6l84zu6VkSKxVIqC33oju\",\"__v\":0},\"__v\":0},{\"_id\":\"67daf16b955ae2ac4a5559e6\",\"pickUpLocation\":\"osdjo\",\"pickUpContact\":8574124578,\"deliveryLocation\":\"psjdfow\",\"destinationContact\":9685748574,\"pickUpDate\":\"09/11/2025\",\"biding\":[],\"userId\":{\"_id\":\"67daee52955ae2ac4a5559d4\",\"name\":\"Customer1\",\"contact\":1457896541,\"customerType\":\"Customer\",\"email\":\"customer@gmail.com\",\"password\":\"$2a$10$TtI/2nYo4B/RCVc1Ubcz6eRlZnvnUYqn6l84zu6VkSKxVIqC33oju\",\"__v\":0},\"__v\":0}],\"status\":true}" --
Wed, 19 Mar 2025 16:36:19 GMT POST /user/sign-in api-count 13 request-body= {"email":"customer@gmail.com","password":"customer@01"} 200 184.665 ms - 240- response-body = "{\"userDetail\":{\"_id\":\"67daee52955ae2ac4a5559d4\",\"name\":\"Customer1\",\"contact\":1457896541,\"customerType\":\"Customer\",\"email\":\"customer@gmail.com\",\"password\":\"$2a$10$TtI/2nYo4B/RCVc1Ubcz6eRlZnvnUYqn6l84zu6VkSKxVIqC33oju\",\"__v\":0},\"status\":true}" -55
Wed, 19 Mar 2025 16:36:24 GMT POST /booking/order-status api-count 1 request-body= {"id":"67daee52955ae2ac4a5559d4"} 201 5.516 ms - 534- response-body = "{\"bookings\":{\"_id\":\"67daf05b955ae2ac4a5559da\",\"pickUpLocation\":\"dewas, hotel\",\"pickUpContact\":8997458741,\"deliveryLocation\":\"Indore, vijay nagar\",\"destinationContact\":4455112244,\"pickUpDate\":\"22/03/2025\",\"biding\":[{\"driverId\":\"67da618183ae8a95e8bf590b\",\"driverName\":\"Aman dev\",\"Price\":\"74000\",\"vehicleModel\":\"Nissan magnite\",\"driverNumber\":7489112400,\"vehicleNumber\":\"MP459009\",\"facility\":{\"insurance\":true,\"puc\":true,\"passengerSeat\":false,\"remark\":\" Best and safe drive\"}}],\"userId\":\"67daee52955ae2ac4a5559d4\",\"__v\":1},\"status\":true}" -33
Wed, 19 Mar 2025 16:37:08 GMT GET /booking/complete-orders/67daee52955ae2ac4a5559d4 api-count 1 request-body= {} 200 35.768 ms - 27- response-body = "{\"status\":true,\"result\":[]}" --
Wed, 19 Mar 2025 16:37:19 GMT POST /booking/order-status api-count 2 request-body= {"id":"67daee52955ae2ac4a5559d4"} 201 3.340 ms - 534- response-body = "{\"bookings\":{\"_id\":\"67daf05b955ae2ac4a5559da\",\"pickUpLocation\":\"dewas, hotel\",\"pickUpContact\":8997458741,\"deliveryLocation\":\"Indore, vijay nagar\",\"destinationContact\":4455112244,\"pickUpDate\":\"22/03/2025\",\"biding\":[{\"driverId\":\"67da618183ae8a95e8bf590b\",\"driverName\":\"Aman dev\",\"Price\":\"74000\",\"vehicleModel\":\"Nissan magnite\",\"driverNumber\":7489112400,\"vehicleNumber\":\"MP459009\",\"facility\":{\"insurance\":true,\"puc\":true,\"passengerSeat\":false,\"remark\":\" Best and safe drive\"}}],\"userId\":\"67daee52955ae2ac4a5559d4\",\"__v\":1},\"status\":true}" -33
Wed, 19 Mar 2025 16:38:26 GMT POST /user/sign-in api-count 14 request-body= {"email":"customer@gmail.com","password":"customer@01"} 200 129.675 ms - 240- response-body = "{\"userDetail\":{\"_id\":\"67daee52955ae2ac4a5559d4\",\"name\":\"Customer1\",\"contact\":1457896541,\"customerType\":\"Customer\",\"email\":\"customer@gmail.com\",\"password\":\"$2a$10$TtI/2nYo4B/RCVc1Ubcz6eRlZnvnUYqn6l84zu6VkSKxVIqC33oju\",\"__v\":0},\"status\":true}" -55
Wed, 19 Mar 2025 16:38:34 GMT GET /booking/complete-orders/67daee52955ae2ac4a5559d4 api-count 2 request-body= {} 200 2.458 ms - 27- response-body = "{\"status\":true,\"result\":[]}" --
Wed, 19 Mar 2025 16:39:16 GMT POST /user/sign-up api-count 2 request-body= {"name":"customer2","contact":"7485965577","customerType":"Customer","email":"customer2@gmail.com","password":"customer2@01"} 200 148.183 ms - 237- response-body = "{\"result\":{\"name\":\"customer2\",\"contact\":7485965577,\"customerType\":\"Customer\",\"email\":\"customer2@gmail.com\",\"password\":\"$2a$10$EeA4iRK4c3wzXqO.i7Piyepe.vkfj12FkMFUInmInPxqZ3RMxFR8O\",\"_id\":\"67daf334955ae2ac4a5559f6\",\"__v\":0},\"status\":true}" -125
Wed, 19 Mar 2025 16:39:25 GMT POST /user/sign-in api-count 15 request-body= {"email":"customer2@gmail.com","password":"customer2@01"} 200 107.289 ms - 241- response-body = "{\"userDetail\":{\"_id\":\"67daf334955ae2ac4a5559f6\",\"name\":\"customer2\",\"contact\":7485965577,\"customerType\":\"Customer\",\"email\":\"customer2@gmail.com\",\"password\":\"$2a$10$EeA4iRK4c3wzXqO.i7Piyepe.vkfj12FkMFUInmInPxqZ3RMxFR8O\",\"__v\":0},\"status\":true}" -57
Wed, 19 Mar 2025 16:39:39 GMT POST /user/sign-in api-count 16 request-body= {"email":"mayuri@gmail.com","password":"mayuri@09"} 200 124.407 ms - 241- response-body = "{\"userDetail\":{\"_id\":\"67da618183ae8a95e8bf590b\",\"name\":\"mayuri09\",\"contact\":7489112400,\"customerType\":\"VehicleOwner\",\"email\":\"mayuri@gmail.com\",\"password\":\"$2a$10$qAc4NgPtwDkS8z4czQ0gt.jYN2gWgAmtQRrWBwr/iekhCOkk.zn3e\",\"__v\":0},\"status\":true}" -51
Wed, 19 Mar 2025 16:39:39 GMT GET /driver/attach-vehicle?id=67da618183ae8a95e8bf590b api-count - request-body= {} 200 5.010 ms - 507- response-body = "{\"result\":{\"_id\":\"67da63ad83ae8a95e8bf590f\",\"ownerName\":\"Mayuri\",\"driverName\":\"Aman dev\",\"adharNumber\":7485112201478541,\"vehicleNumber\":\"MP459009\",\"vehicleModel\":\"Nissan magnite\",\"licence\":\"13f930f972a4215d17c2e4e0ba24972f\",\"insurance\":\"7d445d9688a31967d9a3d26c4bc4a4fb\",\"RC\":\"9a7f903143646123b8454f7ab3f37197\",\"PUC\":\"dfd0aba9fc04ff4df52c56b3072063aa\",\"fitness\":\"c729b54a319acf78123a2969bbd0035d\",\"driverPhoto\":\"f41ec7f0db2c9d6cc19faf3da1c853d9\",\"driverId\":\"67da618183ae8a95e8bf590b\",\"__v\":0},\"status\":true}" --
Wed, 19 Mar 2025 16:39:39 GMT GET /booking/book-vehicle api-count 10 request-body= {} 201 6.848 ms - 1966- response-body = "{\"bookings\":[{\"_id\":\"67daf05b955ae2ac4a5559da\",\"pickUpLocation\":\"dewas, hotel\",\"pickUpContact\":8997458741,\"deliveryLocation\":\"Indore, vijay nagar\",\"destinationContact\":4455112244,\"pickUpDate\":\"22/03/2025\",\"biding\":[{\"driverId\":\"67da618183ae8a95e8bf590b\",\"driverName\":\"Aman dev\",\"Price\":\"74000\",\"vehicleModel\":\"Nissan magnite\",\"driverNumber\":7489112400,\"vehicleNumber\":\"MP459009\",\"facility\":{\"insurance\":true,\"puc\":true,\"passengerSeat\":false,\"remark\":\" Best and safe drive\"}}],\"userId\":{\"_id\":\"67daee52955ae2ac4a5559d4\",\"name\":\"Customer1\",\"contact\":1457896541,\"customerType\":\"Customer\",\"email\":\"customer@gmail.com\",\"password\":\"$2a$10$TtI/2nYo4B/RCVc1Ubcz6eRlZnvnUYqn6l84zu6VkSKxVIqC33oju\",\"__v\":0},\"__v\":1},{\"_id\":\"67daf0b0955ae2ac4a5559dc\",\"pickUpLocation\":\"idvnsodj\",\"pickUpContact\":7485849674,\"deliveryLocation\":\"indore\",\"destinationContact\":8855774499,\"pickUpDate\":\"27/03/2025\",\"biding\":[],\"userId\":{\"_id\":\"67daee52955ae2ac4a5559d4\",\"name\":\"Customer1\",\"contact\":1457896541,\"customerType\":\"Customer\",\"email\":\"customer@gmail.com\",\"password\":\"$2a$10$TtI/2nYo4B/RCVc1Ubcz6eRlZnvnUYqn6l84zu6VkSKxVIqC33oju\",\"__v\":0},\"__v\":0},{\"_id\":\"67daf118955ae2ac4a5559e3\",\"pickUpLocation\":\"ldf\",\"pickUpContact\":7451247145,\"deliveryLocation\":\"ishdibw\",\"destinationContact\":8574968574,\"pickUpDate\":\"05/04/2026\",\"biding\":[],\"userId\":{\"_id\":\"67daee52955ae2ac4a5559d4\",\"name\":\"Customer1\",\"contact\":1457896541,\"customerType\":\"Customer\",\"email\":\"customer@gmail.com\",\"password\":\"$2a$10$TtI/2nYo4B/RCVc1Ubcz6eRlZnvnUYqn6l84zu6VkSKxVIqC33oju\",\"__v\":0},\"__v\":0},{\"_id\":\"67daf16b955ae2ac4a5559e6\",\"pickUpLocation\":\"osdjo\",\"pickUpContact\":8574124578,\"deliveryLocation\":\"psjdfow\",\"destinationContact\":9685748574,\"pickUpDate\":\"09/11/2025\",\"biding\":[],\"userId\":{\"_id\":\"67daee52955ae2ac4a5559d4\",\"name\":\"Customer1\",\"contact\":1457896541,\"customerType\":\"Customer\",\"email\":\"customer@gmail.com\",\"password\":\"$2a$10$TtI/2nYo4B/RCVc1Ubcz6eRlZnvnUYqn6l84zu6VkSKxVIqC33oju\",\"__v\":0},\"__v\":0}],\"status\":true}" --
Wed, 19 Mar 2025 16:40:21 GMT POST /booking/book-vehicle api-count 11 request-body= {"userId":"67daf334955ae2ac4a5559f6","pickUpContact":"8574968574","pickUpDate":"2025-04-07","pickUpLocation":"Dewas daal chini","deliveryLocation":"Nagpur, hotel mirage","destinationContact":"7744122547"} 201 5.561 ms - 278- response-body = "{\"result\":{\"pickUpLocation\":\"Dewas daal chini\",\"pickUpContact\":8574968574,\"deliveryLocation\":\"Nagpur, hotel mirage\",\"destinationContact\":7744122547,\"pickUpDate\":\"07/04/2025\",\"biding\":[],\"userId\":\"67daf334955ae2ac4a5559f6\",\"_id\":\"67daf375955ae2ac4a5559fd\",\"__v\":0},\"status\":true}" -204
Wed, 19 Mar 2025 16:40:30 GMT POST /user/sign-in api-count 17 request-body= {"email":"mayuri@gmail.com","password":"mayuri@09"} 200 153.027 ms - 241- response-body = "{\"userDetail\":{\"_id\":\"67da618183ae8a95e8bf590b\",\"name\":\"mayuri09\",\"contact\":7489112400,\"customerType\":\"VehicleOwner\",\"email\":\"mayuri@gmail.com\",\"password\":\"$2a$10$qAc4NgPtwDkS8z4czQ0gt.jYN2gWgAmtQRrWBwr/iekhCOkk.zn3e\",\"__v\":0},\"status\":true}" -51
Wed, 19 Mar 2025 16:40:30 GMT GET /driver/attach-vehicle?id=67da618183ae8a95e8bf590b api-count - request-body= {} 304 2.918 ms - -- response-body = "{\"result\":{\"_id\":\"67da63ad83ae8a95e8bf590f\",\"ownerName\":\"Mayuri\",\"driverName\":\"Aman dev\",\"adharNumber\":7485112201478541,\"vehicleNumber\":\"MP459009\",\"vehicleModel\":\"Nissan magnite\",\"licence\":\"13f930f972a4215d17c2e4e0ba24972f\",\"insurance\":\"7d445d9688a31967d9a3d26c4bc4a4fb\",\"RC\":\"9a7f903143646123b8454f7ab3f37197\",\"PUC\":\"dfd0aba9fc04ff4df52c56b3072063aa\",\"fitness\":\"c729b54a319acf78123a2969bbd0035d\",\"driverPhoto\":\"f41ec7f0db2c9d6cc19faf3da1c853d9\",\"driverId\":\"67da618183ae8a95e8bf590b\",\"__v\":0},\"status\":true}" --
Wed, 19 Mar 2025 16:40:30 GMT GET /booking/book-vehicle api-count 12 request-body= {} 201 152.255 ms - 2406- response-body = "{\"bookings\":[{\"_id\":\"67daf05b955ae2ac4a5559da\",\"pickUpLocation\":\"dewas, hotel\",\"pickUpContact\":8997458741,\"deliveryLocation\":\"Indore, vijay nagar\",\"destinationContact\":4455112244,\"pickUpDate\":\"22/03/2025\",\"biding\":[{\"driverId\":\"67da618183ae8a95e8bf590b\",\"driverName\":\"Aman dev\",\"Price\":\"74000\",\"vehicleModel\":\"Nissan magnite\",\"driverNumber\":7489112400,\"vehicleNumber\":\"MP459009\",\"facility\":{\"insurance\":true,\"puc\":true,\"passengerSeat\":false,\"remark\":\" Best and safe drive\"}}],\"userId\":{\"_id\":\"67daee52955ae2ac4a5559d4\",\"name\":\"Customer1\",\"contact\":1457896541,\"customerType\":\"Customer\",\"email\":\"customer@gmail.com\",\"password\":\"$2a$10$TtI/2nYo4B/RCVc1Ubcz6eRlZnvnUYqn6l84zu6VkSKxVIqC33oju\",\"__v\":0},\"__v\":1},{\"_id\":\"67daf0b0955ae2ac4a5559dc\",\"pickUpLocation\":\"idvnsodj\",\"pickUpContact\":7485849674,\"deliveryLocation\":\"indore\",\"destinationContact\":8855774499,\"pickUpDate\":\"27/03/2025\",\"biding\":[],\"userId\":{\"_id\":\"67daee52955ae2ac4a5559d4\",\"name\":\"Customer1\",\"contact\":1457896541,\"customerType\":\"Customer\",\"email\":\"customer@gmail.com\",\"password\":\"$2a$10$TtI/2nYo4B/RCVc1Ubcz6eRlZnvnUYqn6l84zu6VkSKxVIqC33oju\",\"__v\":0},\"__v\":0},{\"_id\":\"67daf118955ae2ac4a5559e3\",\"pickUpLocation\":\"ldf\",\"pickUpContact\":7451247145,\"deliveryLocation\":\"ishdibw\",\"destinationContact\":8574968574,\"pickUpDate\":\"05/04/2026\",\"biding\":[],\"userId\":{\"_id\":\"67daee52955ae2ac4a5559d4\",\"name\":\"Customer1\",\"contact\":1457896541,\"customerType\":\"Customer\",\"email\":\"customer@gmail.com\",\"password\":\"$2a$10$TtI/2nYo4B/RCVc1Ubcz6eRlZnvnUYqn6l84zu6VkSKxVIqC33oju\",\"__v\":0},\"__v\":0},{\"_id\":\"67daf16b955ae2ac4a5559e6\",\"pickUpLocation\":\"osdjo\",\"pickUpContact\":8574124578,\"deliveryLocation\":\"psjdfow\",\"destinationContact\":9685748574,\"pickUpDate\":\"09/11/2025\",\"biding\":[],\"userId\":{\"_id\":\"67daee52955ae2ac4a5559d4\",\"name\":\"Customer1\",\"contact\":1457896541,\"customerType\":\"Customer\",\"email\":\"customer@gmail.com\",\"password\":\"$2a$10$TtI/2nYo4B/RCVc1Ubcz6eRlZnvnUYqn6l84zu6VkSKxVIqC33oju\",\"__v\":0},\"__v\":0},{\"_id\":\"67daf375955ae2ac4a5559fd\",\"pickUpLocation\":\"Dewas daal chini\",\"pickUpContact\":8574968574,\"deliveryLocation\":\"Nagpur, hotel mirage\",\"destinationContact\":7744122547,\"pickUpDate\":\"07/04/2025\",\"biding\":[],\"userId\":{\"_id\":\"67daf334955ae2ac4a5559f6\",\"name\":\"customer2\",\"contact\":7485965577,\"customerType\":\"Customer\",\"email\":\"customer2@gmail.com\",\"password\":\"$2a$10$EeA4iRK4c3wzXqO.i7Piyepe.vkfj12FkMFUInmInPxqZ3RMxFR8O\",\"__v\":0},\"__v\":0}],\"status\":true}" --
Wed, 19 Mar 2025 16:40:38 GMT POST /booking/order-status api-count 3 request-body= {"id":"67daf334955ae2ac4a5559f6"} 201 4.469 ms - 280- response-body = "{\"bookings\":{\"_id\":\"67daf375955ae2ac4a5559fd\",\"pickUpLocation\":\"Dewas daal chini\",\"pickUpContact\":8574968574,\"deliveryLocation\":\"Nagpur, hotel mirage\",\"destinationContact\":7744122547,\"pickUpDate\":\"07/04/2025\",\"biding\":[],\"userId\":\"67daf334955ae2ac4a5559f6\",\"__v\":0},\"status\":true}" -33
Wed, 19 Mar 2025 16:41:15 GMT POST /booking/add-bid api-count 2 request-body= {"driverId":"67da618183ae8a95e8bf590b","driverName":"Aman dev","Price":"10000","vehicleModel":"Nissan magnite","driverNumber":7489112400,"vehicleNumber":"MP459009","facility":{"insurance":true,"puc":true,"passengerSeat":true,"remark":"Safe journy"}} 200 9.599 ms - 53- response-body = "{\"message\":\"Successfully Bid to order\",\"status\":true}" -286
Wed, 19 Mar 2025 16:41:15 GMT GET /booking/book-vehicle api-count 13 request-body= {} 201 45.165 ms - 2655- response-body = "{\"bookings\":[{\"_id\":\"67daf05b955ae2ac4a5559da\",\"pickUpLocation\":\"dewas, hotel\",\"pickUpContact\":8997458741,\"deliveryLocation\":\"Indore, vijay nagar\",\"destinationContact\":4455112244,\"pickUpDate\":\"22/03/2025\",\"biding\":[{\"driverId\":\"67da618183ae8a95e8bf590b\",\"driverName\":\"Aman dev\",\"Price\":\"74000\",\"vehicleModel\":\"Nissan magnite\",\"driverNumber\":7489112400,\"vehicleNumber\":\"MP459009\",\"facility\":{\"insurance\":true,\"puc\":true,\"passengerSeat\":false,\"remark\":\" Best and safe drive\"}}],\"userId\":{\"_id\":\"67daee52955ae2ac4a5559d4\",\"name\":\"Customer1\",\"contact\":1457896541,\"customerType\":\"Customer\",\"email\":\"customer@gmail.com\",\"password\":\"$2a$10$TtI/2nYo4B/RCVc1Ubcz6eRlZnvnUYqn6l84zu6VkSKxVIqC33oju\",\"__v\":0},\"__v\":1},{\"_id\":\"67daf0b0955ae2ac4a5559dc\",\"pickUpLocation\":\"idvnsodj\",\"pickUpContact\":7485849674,\"deliveryLocation\":\"indore\",\"destinationContact\":8855774499,\"pickUpDate\":\"27/03/2025\",\"biding\":[],\"userId\":{\"_id\":\"67daee52955ae2ac4a5559d4\",\"name\":\"Customer1\",\"contact\":1457896541,\"customerType\":\"Customer\",\"email\":\"customer@gmail.com\",\"password\":\"$2a$10$TtI/2nYo4B/RCVc1Ubcz6eRlZnvnUYqn6l84zu6VkSKxVIqC33oju\",\"__v\":0},\"__v\":0},{\"_id\":\"67daf118955ae2ac4a5559e3\",\"pickUpLocation\":\"ldf\",\"pickUpContact\":7451247145,\"deliveryLocation\":\"ishdibw\",\"destinationContact\":8574968574,\"pickUpDate\":\"05/04/2026\",\"biding\":[],\"userId\":{\"_id\":\"67daee52955ae2ac4a5559d4\",\"name\":\"Customer1\",\"contact\":1457896541,\"customerType\":\"Customer\",\"email\":\"customer@gmail.com\",\"password\":\"$2a$10$TtI/2nYo4B/RCVc1Ubcz6eRlZnvnUYqn6l84zu6VkSKxVIqC33oju\",\"__v\":0},\"__v\":0},{\"_id\":\"67daf16b955ae2ac4a5559e6\",\"pickUpLocation\":\"osdjo\",\"pickUpContact\":8574124578,\"deliveryLocation\":\"psjdfow\",\"destinationContact\":9685748574,\"pickUpDate\":\"09/11/2025\",\"biding\":[],\"userId\":{\"_id\":\"67daee52955ae2ac4a5559d4\",\"name\":\"Customer1\",\"contact\":1457896541,\"customerType\":\"Customer\",\"email\":\"customer@gmail.com\",\"password\":\"$2a$10$TtI/2nYo4B/RCVc1Ubcz6eRlZnvnUYqn6l84zu6VkSKxVIqC33oju\",\"__v\":0},\"__v\":0},{\"_id\":\"67daf375955ae2ac4a5559fd\",\"pickUpLocation\":\"Dewas daal chini\",\"pickUpContact\":8574968574,\"deliveryLocation\":\"Nagpur, hotel mirage\",\"destinationContact\":7744122547,\"pickUpDate\":\"07/04/2025\",\"biding\":[{\"driverId\":\"67da618183ae8a95e8bf590b\",\"driverName\":\"Aman dev\",\"Price\":\"10000\",\"vehicleModel\":\"Nissan magnite\",\"driverNumber\":7489112400,\"vehicleNumber\":\"MP459009\",\"facility\":{\"insurance\":true,\"puc\":true,\"passengerSeat\":true,\"remark\":\"Safe journy\"}}],\"userId\":{\"_id\":\"67daf334955ae2ac4a5559f6\",\"name\":\"customer2\",\"contact\":7485965577,\"customerType\":\"Customer\",\"email\":\"customer2@gmail.com\",\"password\":\"$2a$10$EeA4iRK4c3wzXqO.i7Piyepe.vkfj12FkMFUInmInPxqZ3RMxFR8O\",\"__v\":0},\"__v\":1}],\"status\":true}" --
Wed, 19 Mar 2025 16:41:21 GMT POST /booking/order-status api-count 4 request-body= {"id":"67daf334955ae2ac4a5559f6"} 201 2.734 ms - 529- response-body = "{\"bookings\":{\"_id\":\"67daf375955ae2ac4a5559fd\",\"pickUpLocation\":\"Dewas daal chini\",\"pickUpContact\":8574968574,\"deliveryLocation\":\"Nagpur, hotel mirage\",\"destinationContact\":7744122547,\"pickUpDate\":\"07/04/2025\",\"biding\":[{\"driverId\":\"67da618183ae8a95e8bf590b\",\"driverName\":\"Aman dev\",\"Price\":\"10000\",\"vehicleModel\":\"Nissan magnite\",\"driverNumber\":7489112400,\"vehicleNumber\":\"MP459009\",\"facility\":{\"insurance\":true,\"puc\":true,\"passengerSeat\":true,\"remark\":\"Safe journy\"}}],\"userId\":\"67daf334955ae2ac4a5559f6\",\"__v\":1},\"status\":true}" -33
Wed, 19 Mar 2025 16:42:24 GMT POST /booking/order-status api-count 5 request-body= {"id":"67daf334955ae2ac4a5559f6"} 201 2.956 ms - 529- response-body = "{\"bookings\":{\"_id\":\"67daf375955ae2ac4a5559fd\",\"pickUpLocation\":\"Dewas daal chini\",\"pickUpContact\":8574968574,\"deliveryLocation\":\"Nagpur, hotel mirage\",\"destinationContact\":7744122547,\"pickUpDate\":\"07/04/2025\",\"biding\":[{\"driverId\":\"67da618183ae8a95e8bf590b\",\"driverName\":\"Aman dev\",\"Price\":\"10000\",\"vehicleModel\":\"Nissan magnite\",\"driverNumber\":7489112400,\"vehicleNumber\":\"MP459009\",\"facility\":{\"insurance\":true,\"puc\":true,\"passengerSeat\":true,\"remark\":\"Safe journy\"}}],\"userId\":\"67daf334955ae2ac4a5559f6\",\"__v\":1},\"status\":true}" -33
Wed, 19 Mar 2025 16:42:26 GMT POST /booking/order-status api-count 6 request-body= {"id":"67daf334955ae2ac4a5559f6"} 201 2.815 ms - 529- response-body = "{\"bookings\":{\"_id\":\"67daf375955ae2ac4a5559fd\",\"pickUpLocation\":\"Dewas daal chini\",\"pickUpContact\":8574968574,\"deliveryLocation\":\"Nagpur, hotel mirage\",\"destinationContact\":7744122547,\"pickUpDate\":\"07/04/2025\",\"biding\":[{\"driverId\":\"67da618183ae8a95e8bf590b\",\"driverName\":\"Aman dev\",\"Price\":\"10000\",\"vehicleModel\":\"Nissan magnite\",\"driverNumber\":7489112400,\"vehicleNumber\":\"MP459009\",\"facility\":{\"insurance\":true,\"puc\":true,\"passengerSeat\":true,\"remark\":\"Safe journy\"}}],\"userId\":\"67daf334955ae2ac4a5559f6\",\"__v\":1},\"status\":true}" -33
Wed, 19 Mar 2025 16:42:33 GMT POST /booking/complete-orders api-count 1 request-body= {"_id":"67daf375955ae2ac4a5559fd","pickUpLocation":"Dewas daal chini","pickUpContact":8574968574,"deliveryLocation":"Nagpur, hotel mirage","destinationContact":7744122547,"pickUpDate":"07/04/2025","biding":[{"driverId":"67da618183ae8a95e8bf590b","driverName":"Aman dev","Price":"10000","vehicleModel":"Nissan magnite","driverNumber":7489112400,"vehicleNumber":"MP459009","facility":{"insurance":true,"puc":true,"passengerSeat":true,"remark":"Safe journy"}}],"userId":"67daf334955ae2ac4a5559f6","driverId":"67da618183ae8a95e8bf590b"} 200 593.387 ms - 59- response-body = "{\"status\":true,\"message\":\"Order Detail send to the Driver\"}" -540
Wed, 19 Mar 2025 16:42:59 GMT POST /user/sign-in api-count 18 request-body= {"email":"mayuri@gmail.com","password":"mayuri@09"} 200 123.110 ms - 241- response-body = "{\"userDetail\":{\"_id\":\"67da618183ae8a95e8bf590b\",\"name\":\"mayuri09\",\"contact\":7489112400,\"customerType\":\"VehicleOwner\",\"email\":\"mayuri@gmail.com\",\"password\":\"$2a$10$qAc4NgPtwDkS8z4czQ0gt.jYN2gWgAmtQRrWBwr/iekhCOkk.zn3e\",\"__v\":0},\"status\":true}" -51
Wed, 19 Mar 2025 16:42:59 GMT GET /driver/attach-vehicle?id=67da618183ae8a95e8bf590b api-count - request-body= {} 304 2.991 ms - -- response-body = "{\"result\":{\"_id\":\"67da63ad83ae8a95e8bf590f\",\"ownerName\":\"Mayuri\",\"driverName\":\"Aman dev\",\"adharNumber\":7485112201478541,\"vehicleNumber\":\"MP459009\",\"vehicleModel\":\"Nissan magnite\",\"licence\":\"13f930f972a4215d17c2e4e0ba24972f\",\"insurance\":\"7d445d9688a31967d9a3d26c4bc4a4fb\",\"RC\":\"9a7f903143646123b8454f7ab3f37197\",\"PUC\":\"dfd0aba9fc04ff4df52c56b3072063aa\",\"fitness\":\"c729b54a319acf78123a2969bbd0035d\",\"driverPhoto\":\"f41ec7f0db2c9d6cc19faf3da1c853d9\",\"driverId\":\"67da618183ae8a95e8bf590b\",\"__v\":0},\"status\":true}" --
Wed, 19 Mar 2025 16:42:59 GMT GET /booking/book-vehicle api-count 14 request-body= {} 201 18.404 ms - 1966- response-body = "{\"bookings\":[{\"_id\":\"67daf05b955ae2ac4a5559da\",\"pickUpLocation\":\"dewas, hotel\",\"pickUpContact\":8997458741,\"deliveryLocation\":\"Indore, vijay nagar\",\"destinationContact\":4455112244,\"pickUpDate\":\"22/03/2025\",\"biding\":[{\"driverId\":\"67da618183ae8a95e8bf590b\",\"driverName\":\"Aman dev\",\"Price\":\"74000\",\"vehicleModel\":\"Nissan magnite\",\"driverNumber\":7489112400,\"vehicleNumber\":\"MP459009\",\"facility\":{\"insurance\":true,\"puc\":true,\"passengerSeat\":false,\"remark\":\" Best and safe drive\"}}],\"userId\":{\"_id\":\"67daee52955ae2ac4a5559d4\",\"name\":\"Customer1\",\"contact\":1457896541,\"customerType\":\"Customer\",\"email\":\"customer@gmail.com\",\"password\":\"$2a$10$TtI/2nYo4B/RCVc1Ubcz6eRlZnvnUYqn6l84zu6VkSKxVIqC33oju\",\"__v\":0},\"__v\":1},{\"_id\":\"67daf0b0955ae2ac4a5559dc\",\"pickUpLocation\":\"idvnsodj\",\"pickUpContact\":7485849674,\"deliveryLocation\":\"indore\",\"destinationContact\":8855774499,\"pickUpDate\":\"27/03/2025\",\"biding\":[],\"userId\":{\"_id\":\"67daee52955ae2ac4a5559d4\",\"name\":\"Customer1\",\"contact\":1457896541,\"customerType\":\"Customer\",\"email\":\"customer@gmail.com\",\"password\":\"$2a$10$TtI/2nYo4B/RCVc1Ubcz6eRlZnvnUYqn6l84zu6VkSKxVIqC33oju\",\"__v\":0},\"__v\":0},{\"_id\":\"67daf118955ae2ac4a5559e3\",\"pickUpLocation\":\"ldf\",\"pickUpContact\":7451247145,\"deliveryLocation\":\"ishdibw\",\"destinationContact\":8574968574,\"pickUpDate\":\"05/04/2026\",\"biding\":[],\"userId\":{\"_id\":\"67daee52955ae2ac4a5559d4\",\"name\":\"Customer1\",\"contact\":1457896541,\"customerType\":\"Customer\",\"email\":\"customer@gmail.com\",\"password\":\"$2a$10$TtI/2nYo4B/RCVc1Ubcz6eRlZnvnUYqn6l84zu6VkSKxVIqC33oju\",\"__v\":0},\"__v\":0},{\"_id\":\"67daf16b955ae2ac4a5559e6\",\"pickUpLocation\":\"osdjo\",\"pickUpContact\":8574124578,\"deliveryLocation\":\"psjdfow\",\"destinationContact\":9685748574,\"pickUpDate\":\"09/11/2025\",\"biding\":[],\"userId\":{\"_id\":\"67daee52955ae2ac4a5559d4\",\"name\":\"Customer1\",\"contact\":1457896541,\"customerType\":\"Customer\",\"email\":\"customer@gmail.com\",\"password\":\"$2a$10$TtI/2nYo4B/RCVc1Ubcz6eRlZnvnUYqn6l84zu6VkSKxVIqC33oju\",\"__v\":0},\"__v\":0}],\"status\":true}" --
